<?xml version="1.0" encoding="UTF-8"?>
<!-- Generated by org.testng.reporters.JUnitXMLReporter -->
<testsuite ignored="0" hostname="LAPTOP-4EGU0F44" failures="0" tests="10" name="chromeTest" time="59.222" errors="0" timestamp="2020-05-27T19:07:12 IST">
  <testcase classname="hackathon.team3.Urbanladder" name="operationSearch" time="3.831"/>
  <testcase classname="hackathon.team3.Urbanladder" name="operationCategory" time="2.708"/>
  <testcase classname="hackathon.team3.Urbanladder" name="operationPrice" time="2.982"/>
  <testcase classname="hackathon.team3.Urbanladder" name="operationStorage" time="2.504"/>
  <testcase classname="hackathon.team3.Urbanladder" name="operationstock" time="0.191"/>
  <testcase classname="hackathon.team3.Urbanladder" name="closePopUp" time="2.093"/>
  <testcase classname="hackathon.team3.Urbanladder" name="printBookShelves" time="4.722"/>
  <testcase classname="hackathon.team3.Collection_gift" name="printCollections" time="5.71"/>
  <testcase classname="hackathon.team3.Collection_gift" name="select_GiftsCards" time="5.121"/>
  <testcase classname="hackathon.team3.Collection_gift" name="fill_GiftsCards" time="5.294"/>
</testsuite> <!-- chromeTest -->
