<?xml version="1.0" encoding="UTF-8"?>
<!-- Generated by org.testng.reporters.JUnitXMLReporter -->
<testsuite hostname="LAPTOP-4EGU0F44" ignored="0" name="FireFoxTest" tests="6" failures="0" timestamp="20 May 2020 07:15:25 GMT" time="78.612" errors="0">
  <testcase name="operationSearch" time="0.509" classname="hackathon.team3.Urbanladder"/>
  <testcase name="operationCategory" time="3.269" classname="hackathon.team3.Urbanladder"/>
  <testcase name="operationPrice" time="2.68" classname="hackathon.team3.Urbanladder"/>
  <testcase name="operationStorage" time="2.451" classname="hackathon.team3.Urbanladder"/>
  <testcase name="operationstock" time="0.419" classname="hackathon.team3.Urbanladder"/>
  <testcase name="closePopUp" time="2.148" classname="hackathon.team3.Urbanladder"/>
</testsuite> <!-- FireFoxTest -->
